<?xml version="1.0" encoding="UTF-8"?>
<robot generator="Robot 6.1.1 (Python 3.11.4 on darwin)" generated="20230914 15:44:41.708" rpa="false" schemaversion="4">
<suite id="s1" name="Test" source="/Users/earthzaza/Desktop/work/Flask-sdpx/test.robot">
<test id="s1-t1" name="Test" line="8">
<kw name="GET" library="RequestsLibrary">
<var>${resp}</var>
<arg>http://localhost:8081/test</arg>
<doc>Sends a GET request.</doc>
<msg timestamp="20230914 15:44:41.770" level="INFO">GET Request : url=http://localhost:8081/test 
 path_url=/test 
 headers={'User-Agent': 'python-requests/2.31.0', 'Accept-Encoding': 'gzip, deflate', 'Accept': '*/*', 'Connection': 'keep-alive'} 
 body=None 
 </msg>
<msg timestamp="20230914 15:44:41.770" level="INFO">GET Response : url=http://localhost:8081/test 
 status=200, reason=OK 
 headers={'Server': 'Werkzeug/2.3.6 Python/3.11.5', 'Date': 'Thu, 14 Sep 2023 08:44:41 GMT', 'Content-Type': 'text/html; charset=utf-8', 'Content-Length': '4', 'Connection': 'close'} 
 body=test 
 </msg>
<msg timestamp="20230914 15:44:41.770" level="INFO">${resp} = &lt;Response [200]&gt;</msg>
<status status="PASS" starttime="20230914 15:44:41.750" endtime="20230914 15:44:41.770"/>
</kw>
<kw name="Should Be Equal As Strings" library="BuiltIn">
<arg>${resp.status_code}</arg>
<arg>200</arg>
<doc>Fails if objects are unequal after converting them to strings.</doc>
<msg timestamp="20230914 15:44:41.771" level="INFO">Argument types are:
&lt;class 'int'&gt;
&lt;class 'str'&gt;</msg>
<status status="PASS" starttime="20230914 15:44:41.770" endtime="20230914 15:44:41.771"/>
</kw>
<status status="PASS" starttime="20230914 15:44:41.750" endtime="20230914 15:44:41.771"/>
</test>
<status status="PASS" starttime="20230914 15:44:41.709" endtime="20230914 15:44:41.771"/>
</suite>
<statistics>
<total>
<stat pass="1" fail="0" skip="0">All Tests</stat>
</total>
<tag>
</tag>
<suite>
<stat pass="1" fail="0" skip="0" id="s1" name="Test">Test</stat>
</suite>
</statistics>
<errors>
<msg timestamp="20230914 15:44:41.750" level="ERROR">Error in file '/Users/earthzaza/Desktop/work/Flask-sdpx/test.robot' on line 3: Importing library 'HttpLibrary.HTTP' failed: ModuleNotFoundError: No module named 'HttpLibrary'
Traceback (most recent call last):
  None
PYTHONPATH:
  /Users/earthzaza/Desktop/work/Flask-sdpx/flaskenv/bin
  /Users/earthzaza/miniconda3/lib/python311.zip
  /Users/earthzaza/miniconda3/lib/python3.11
  /Users/earthzaza/miniconda3/lib/python3.11/lib-dynload
  /Users/earthzaza/Desktop/work/Flask-sdpx/flaskenv/lib/python3.11/site-packages</msg>
</errors>
</robot>
